Arguments: 
  C:\Program Files\nodejs\node.exe C:\Users\Hoang\AppData\Roaming\npm\node_modules\yarn\bin\yarn.js add

PATH: 
  E:\CodeBlocks\MinGW\bin;C:\Program Files\nodejs\;C:\Program Files\Git\cmd;C:\WINDOWS\system32;C:\WINDOWS;C:\WINDOWS\System32\Wbem;C:\WINDOWS\System32\WindowsPowerShell\v1.0\;C:\Users\Hoang\AppData\Local\Microsoft\WindowsApps;;C:\Program Files\Microsoft VS Code\bin;C:\Users\Hoang\AppData\Roaming\npm

Yarn version: 
  1.5.1

Node version: 
  8.9.3

Platform: 
  win32 x64

npm manifest: 
  {
    "name": "messenda",
    "version": "1.0.0",
    "description": "",
    "main": "index.js",
    "scripts": {
      "test": "echo \"Error: no test specified\" && exit 1"
    },
    "author": "",
    "license": "ISC",
    "dependencies": {
      "bcrypt": "^1.0.3",
      "body-parser": "^1.18.2",
      "connect-redis": "^3.3.3",
      "cookie": "^0.3.1",
      "cookie-parser": "^1.4.3",
      "express": "^4.16.2",
      "express-handlebars": "^3.0.0",
      "express-session": "^1.15.6",
      "mongoose": "^5.0.2",
      "redis": "^2.8.0",
      "regexp-clone": "0.0.1",
      "setprototypeof": "^1.1.0",
      "socket.io": "^2.0.4",
      "wrappy": "^1.0.2"
    }
  }

yarn manifest: 
  No manifest

Lockfile: 
  No lockfile

Trace: 
  Error: Missing list of packages to add to your project.
      at new MessageError (C:\Users\Hoang\AppData\Roaming\npm\node_modules\yarn\lib\cli.js:186:110)
      at Object.<anonymous> (C:\Users\Hoang\AppData\Roaming\npm\node_modules\yarn\lib\cli.js:40587:13)
      at Generator.next (<anonymous>)
      at step (C:\Users\Hoang\AppData\Roaming\npm\node_modules\yarn\lib\cli.js:98:30)
      at C:\Users\Hoang\AppData\Roaming\npm\node_modules\yarn\lib\cli.js:116:14
      at new Promise (<anonymous>)
      at new F (C:\Users\Hoang\AppData\Roaming\npm\node_modules\yarn\lib\cli.js:23451:28)
      at Object.<anonymous> (C:\Users\Hoang\AppData\Roaming\npm\node_modules\yarn\lib\cli.js:95:12)
      at Object.run (C:\Users\Hoang\AppData\Roaming\npm\node_modules\yarn\lib\cli.js:40599:19)
      at run (C:\Users\Hoang\AppData\Roaming\npm\node_modules\yarn\lib\cli.js:89113:20)
